<?xml version="1.0" encoding="UTF-8"?>
<!-- Generated by org.testng.reporters.JUnitXMLReporter -->
<testsuite ignored="0" hostname="Art-Samir" failures="0" tests="6" name="Default test" time="139.238" errors="0" timestamp="2024-07-15T08:11:27 IST">
  <testcase classname="switchcare.SmitchCareTest" name="loginPage" time="22.985"/>
  <testcase classname="switchcare.SmitchCareTest" name="selectfood" time="1.825"/>
  <testcase classname="switchcare.SmitchCareTest" name="breakfast" time="20.723"/>
  <testcase classname="switchcare.SmitchCareTest" name="Lunch" time="28.871"/>
  <testcase classname="switchcare.SmitchCareTest" name="dinner" time="23.029"/>
  <testcase classname="switchcare.SmitchCareTest" name="verifyNutration" time="17.605"/>
</testsuite> <!-- Default test -->
